# JRE version: OpenJDK Runtime Environment (8.0_112-b06) (build 1.8.0_112-release-408-b6)
# Java VM: OpenJDK Server VM (25.112-b6 mixed mode windows-x86 )
Heap:
 par new generation   total 157248K, used 157247K [0x11600000, 0x1c0a0000, 0x1c0a0000)
  eden space 139776K, 100% used [0x11600000, 0x19e80000, 0x19e80000)
  from space 17472K,  99% used [0x1af90000, 0x1c09fff8, 0x1c0a0000)
  to   space 17472K,   0% used [0x19e80000, 0x19e80000, 0x1af90000)
 concurrent mark-sweep generation total 349568K, used 349567K [0x1c0a0000, 0x31600000, 0x31600000)
 Metaspace       used 160602K, capacity 164583K, committed 165760K, reserved 166272K
GC Heap History (10 events):
Event: 2965.482 GC heap before
{Heap before GC invocations=2008 (full 37):
 par new generation   total 157248K, used 157241K [0x11600000, 0x1c0a0000, 0x1c0a0000)
  eden space 139776K,  99% used [0x11600000, 0x19e7f198, 0x19e80000)
  from space 17472K,  99% used [0x1af90000, 0x1c09f398, 0x1c0a0000)
  to   space 17472K,   0% used [0x19e80000, 0x19e80000, 0x1af90000)
 concurrent mark-sweep generation total 349568K, used 349564K [0x1c0a0000, 0x31600000, 0x31600000)
 Metaspace       used 160589K, capacity 164583K, committed 165760K, reserved 166272K
Event: 2966.446 GC heap after
Heap after GC invocations=2009 (full 38):
 par new generation   total 157248K, used 157241K [0x11600000, 0x1c0a0000, 0x1c0a0000)
  eden space 139776K,  99% used [0x11600000, 0x19e7f198, 0x19e80000)
  from space 17472K,  99% used [0x1af90000, 0x1c09f398, 0x1c0a0000)
  to   space 17472K,   0% used [0x19e80000, 0x19e80000, 0x1af90000)
 concurrent mark-sweep generation total 349568K, used 349564K [0x1c0a0000, 0x31600000, 0x31600000)
 Metaspace       used 160589K, capacity 164583K, committed 165760K, reserved 166272K
}
Event: 2966.470 GC heap before
{Heap before GC invocations=2009 (full 38):
 par new generation   total 157248K, used 157248K [0x11600000, 0x1c0a0000, 0x1c0a0000)
  eden space 139776K, 100% used [0x11600000, 0x19e80000, 0x19e80000)
  from space 17472K, 100% used [0x1af90000, 0x1c0a0000, 0x1c0a0000)
  to   space 17472K,   0% used [0x19e80000, 0x19e80000, 0x1af90000)
 concurrent mark-sweep generation total 349568K, used 349566K [0x1c0a0000, 0x31600000, 0x31600000)
 Metaspace       used 160590K, capacity 164583K, committed 165760K, reserved 166272K
Event: 2967.435 GC heap after
Heap after GC invocations=2010 (full 39):
 par new generation   total 157248K, used 157241K [0x11600000, 0x1c0a0000, 0x1c0a0000)
  eden space 139776K,  99% used [0x11600000, 0x19e7f1e8, 0x19e80000)
  from space 17472K,  99% used [0x1af90000, 0x1c09f358, 0x1c0a0000)
  to   space 17472K,   0% used [0x19e80000, 0x19e80000, 0x1af90000)
 concurrent mark-sweep generation total 349568K, used 349564K [0x1c0a0000, 0x31600000, 0x31600000)
 Metaspace       used 160590K, capacity 164583K, committed 165760K, reserved 166272K
}
Event: 2967.435 GC heap before
{Heap before GC invocations=2010 (full 39):
 par new generation   total 157248K, used 157241K [0x11600000, 0x1c0a0000, 0x1c0a0000)
  eden space 139776K,  99% used [0x11600000, 0x19e7f1e8, 0x19e80000)
  from space 17472K,  99% used [0x1af90000, 0x1c09f358, 0x1c0a0000)
  to   space 17472K,   0% used [0x19e80000, 0x19e80000, 0x1af90000)
 concurrent mark-sweep generation total 349568K, used 349564K [0x1c0a0000, 0x31600000, 0x31600000)
 Metaspace       used 160590K, capacity 164583K, committed 165760K, reserved 166272K
Event: 2968.397 GC heap after
Heap after GC invocations=2011 (full 40):
 par new generation   total 157248K, used 157241K [0x11600000, 0x1c0a0000, 0x1c0a0000)
  eden space 139776K,  99% used [0x11600000, 0x19e7f1e8, 0x19e80000)
  from space 17472K,  99% used [0x1af90000, 0x1c09f358, 0x1c0a0000)
  to   space 17472K,   0% used [0x19e80000, 0x19e80000, 0x1af90000)
 concurrent mark-sweep generation total 349568K, used 349564K [0x1c0a0000, 0x31600000, 0x31600000)
 Metaspace       used 160590K, capacity 164583K, committed 165760K, reserved 166272K
}
Event: 2968.398 GC heap before
{Heap before GC invocations=2011 (full 40):
 par new generation   total 157248K, used 157244K [0x11600000, 0x1c0a0000, 0x1c0a0000)
  eden space 139776K, 100% used [0x11600000, 0x19e80000, 0x19e80000)
  from space 17472K,  99% used [0x1af90000, 0x1c09f358, 0x1c0a0000)
  to   space 17472K,   0% used [0x19e80000, 0x19e80000, 0x1af90000)
 concurrent mark-sweep generation total 349568K, used 349564K [0x1c0a0000, 0x31600000, 0x31600000)
 Metaspace       used 160590K, capacity 164583K, committed 165760K, reserved 166272K
Event: 2969.361 GC heap after
Heap after GC invocations=2012 (full 41):
 par new generation   total 157248K, used 157241K [0x11600000, 0x1c0a0000, 0x1c0a0000)
  eden space 139776K,  99% used [0x11600000, 0x19e7f238, 0x19e80000)
  from space 17472K,  99% used [0x1af90000, 0x1c09f338, 0x1c0a0000)
  to   space 17472K,   0% used [0x19e80000, 0x19e80000, 0x1af90000)
 concurrent mark-sweep generation total 349568K, used 349564K [0x1c0a0000, 0x31600000, 0x31600000)
 Metaspace       used 160590K, capacity 164583K, committed 165760K, reserved 166272K
}
Event: 2969.361 GC heap before
{Heap before GC invocations=2012 (full 41):
 par new generation   total 157248K, used 157241K [0x11600000, 0x1c0a0000, 0x1c0a0000)
  eden space 139776K,  99% used [0x11600000, 0x19e7f238, 0x19e80000)
  from space 17472K,  99% used [0x1af90000, 0x1c09f338, 0x1c0a0000)
  to   space 17472K,   0% used [0x19e80000, 0x19e80000, 0x1af90000)
 concurrent mark-sweep generation total 349568K, used 349564K [0x1c0a0000, 0x31600000, 0x31600000)
 Metaspace       used 160590K, capacity 164583K, committed 165760K, reserved 166272K
Event: 2970.323 GC heap after
Heap after GC invocations=2013 (full 42):
 par new generation   total 157248K, used 157241K [0x11600000, 0x1c0a0000, 0x1c0a0000)
  eden space 139776K,  99% used [0x11600000, 0x19e7f238, 0x19e80000)
  from space 17472K,  99% used [0x1af90000, 0x1c09f338, 0x1c0a0000)
  to   space 17472K,   0% used [0x19e80000, 0x19e80000, 0x1af90000)
 concurrent mark-sweep generation total 349568K, used 349564K [0x1c0a0000, 0x31600000, 0x31600000)
 Metaspace       used 160590K, capacity 164583K, committed 165760K, reserved 166272K
}

